wear/build/intermediates/manifest_merge_blame_file/debug/manifest-merger-blame-debug-report.txt
1<?xml version="1.0" encoding="utf-8"?>
2<!--
3  ~ Copyright 2015 Dejan Djurovski
4  ~
5  ~ Licensed under the Apache License, Version 2.0 (the "License");
6  ~ you may not use this file except in compliance with the License.
7  ~ You may obtain a copy of the License at
8  ~
9  ~     http://www.apache.org/licenses/LICENSE-2.0
10  ~
11  ~ Unless required by applicable law or agreed to in writing, software
12  ~ distributed under the License is distributed on an "AS IS" BASIS,
13  ~ WITHOUT WARRANTIES OR CONDITIONS OF ANY KIND, either express or implied.
14  ~ See the License for the specific language governing permissions and
15  ~ limitations under the License.
16-->
17<manifest xmlns:android="http://schemas.android.com/apk/res/android"
18    package="com.example.android.wearablemessageapiexample"
19    android:versionCode="1"
20    android:versionName="1.0" >
21
22    <uses-sdk
23        android:minSdkVersion="19"
23-->src\main\AndroidManifest.xml
24        android:targetSdkVersion="30" />
24-->src\main\AndroidManifest.xml
25
26    <uses-feature android:name="android.hardware.type.watch" />
26-->src\main\AndroidManifest.xml:19:5-64
26-->src\main\AndroidManifest.xml:19:19-61
27
28    <application
28-->src\main\AndroidManifest.xml:21:5-43:19
29        android:allowBackup="true"
29-->src\main\AndroidManifest.xml:22:9-35
30        android:appComponentFactory="androidx.core.app.CoreComponentFactory"
30-->[androidx.core:core:1.0.0] AndroidManifest.xml:22:18-86
31        android:debuggable="true"
32        android:icon="@drawable/ic_launcher"
32-->src\main\AndroidManifest.xml:23:9-45
33        android:label="Ubiqlog"
33-->src\main\AndroidManifest.xml:24:9-32
34        android:testOnly="true"
35        android:theme="@android:style/Theme.DeviceDefault" >
35-->src\main\AndroidManifest.xml:25:9-59
36        <activity android:name="com.wear.ubiqlog.MainActivity" >
36-->src\main\AndroidManifest.xml:26:9-32:20
36-->src\main\AndroidManifest.xml:26:19-47
37            <intent-filter>
37-->src\main\AndroidManifest.xml:27:13-31:29
38                <category android:name="android.intent.category.LAUNCHER" />
38-->src\main\AndroidManifest.xml:28:17-77
38-->src\main\AndroidManifest.xml:28:27-74
39
40                <action android:name="android.intent.action.MAIN" />
40-->src\main\AndroidManifest.xml:30:17-69
40-->src\main\AndroidManifest.xml:30:25-66
41            </intent-filter>
42        </activity>
43        <activity android:name="android.support.wearable.activity.ConfirmationActivity" />
43-->src\main\AndroidManifest.xml:33:9-91
43-->src\main\AndroidManifest.xml:33:19-88
44
45        <service
45-->src\main\AndroidManifest.xml:35:9-38:39
46            android:name="com.wear.ubiqlog.LightSensor"
46-->src\main\AndroidManifest.xml:36:13-40
47            android:enabled="true"
47-->src\main\AndroidManifest.xml:37:13-35
48            android:exported="true" />
48-->src\main\AndroidManifest.xml:38:13-36
49        <service
49-->src\main\AndroidManifest.xml:39:9-42:47
50            android:name="com.wear.ubiqlog.AccelerometerSensor"
50-->src\main\AndroidManifest.xml:40:13-48
51            android:enabled="true"
51-->src\main\AndroidManifest.xml:41:13-35
52            android:exported="true" />
52-->src\main\AndroidManifest.xml:42:13-36
53
54        <activity
54-->[com.google.android.gms:play-services-base:17.0.0] AndroidManifest.xml:23:9-26:75
55            android:name="com.google.android.gms.common.api.GoogleApiActivity"
55-->[com.google.android.gms:play-services-base:17.0.0] AndroidManifest.xml:24:13-79
56            android:exported="false"
56-->[com.google.android.gms:play-services-base:17.0.0] AndroidManifest.xml:25:13-37
57            android:theme="@android:style/Theme.Translucent.NoTitleBar" />
57-->[com.google.android.gms:play-services-base:17.0.0] AndroidManifest.xml:26:13-72
58
59        <meta-data
59-->[com.google.android.gms:play-services-basement:17.0.0] AndroidManifest.xml:23:9-25:69
60            android:name="com.google.android.gms.version"
60-->[com.google.android.gms:play-services-basement:17.0.0] AndroidManifest.xml:24:13-58
61            android:value="@integer/google_play_services_version" />
61-->[com.google.android.gms:play-services-basement:17.0.0] AndroidManifest.xml:25:13-66
62    </application>
63
64</manifest>